<?xml version="1.0" encoding="UTF-8"?>
<!-- Generated by org.testng.reporters.JUnitReportReporter -->
<testsuite skipped="0" hostname="DESKTOP-HM7SJ9R" name="tests.HotelLogin" tests="1" failures="0" timestamp="06 Jul 2020 23:51:38 GMT" time="19.296" errors="0">
  <testcase name="loginToHotelPage" time="19.296" classname="tests.HotelLogin"/>
</testsuite> <!-- tests.HotelLogin -->
